<?xml version="1.0" encoding="UTF-8"?>
<testng-results ignored="0" total="1" passed="1" failed="0" skipped="0">
  <reporter-output>
  </reporter-output>
  <suite started-at="2020-12-29T11:37:20 EST" name="Suite" finished-at="2020-12-29T11:37:36 EST" duration-ms="16205">
    <groups>
    </groups>
    <test started-at="2020-12-29T11:37:20 EST" name="Test1" finished-at="2020-12-29T11:37:36 EST" duration-ms="16205">
      <class name="Testngtests.Login">
        <test-method signature="f()[pri:0, instance:Testngtests.Login@79efed2d]" started-at="2020-12-29T11:37:20 EST" name="f" finished-at="2020-12-29T11:37:36 EST" duration-ms="16138" status="PASS">
          <reporter-output>
          </reporter-output>
        </test-method> <!-- f -->
      </class> <!-- Testngtests.Login -->
    </test> <!-- Test1 -->
  </suite> <!-- Suite -->
</testng-results>
